# JRE version: Java(TM) SE Runtime Environment (25.0.1+8) (build 25.0.1+8-LTS-27)
# Java VM: Java HotSpot(TM) 64-Bit Server VM (25.0.1+8-LTS-27, mixed mode, emulated-client, sharing, tiered, compressed oops, compressed class ptrs, g1 gc, bsd-amd64)
GC Precious Log:
 CardTable entry size: 512
 Card Set container configuration: InlinePtr #cards 4 size 8 Array Of Cards #cards 16 size 48 Howl #buckets 8 coarsen threshold 3686 Howl Bitmap #cards 512 size 80 coarsen threshold 460 Card regions per heap region 1 cards per card region 4096
 CPUs: 12 total, 12 available
 Memory: 16384M
 Large Page Support: Disabled
 NUMA Support: Disabled
 Compressed Oops: Enabled (Zero based)
 Heap Region Size: 2M
 Heap Min Capacity: 8M
 Heap Initial Capacity: 256M
 Heap Max Capacity: 4G
 Pre-touch: Disabled
 Parallel Workers: 10
 Concurrent Workers: 3
 Concurrent Refinement Workers: 10
 Periodic GC: Disabled
Heap:
 garbage-first heap   total reserved 4194304K, committed 73728K, used 45349K [0x0000000700000000, 0x0000000800000000)
  region size 2048K, 13 young (26624K), 3 survivors (6144K)
GC Heap Usage History (18 events):
Event: 16.810 {heap Before GC invocations=0 (full 0):
 garbage-first heap   total reserved 4194304K, committed 264192K, used 48257K [0x0000000700000000, 0x0000000800000000)
  region size 2048K, 24 young (49152K), 0 survivors (0K)
}
Event: 16.869 {heap After GC invocations=1 (full 0):
 garbage-first heap   total reserved 4194304K, committed 264192K, used 12783K [0x0000000700000000, 0x0000000800000000)
  region size 2048K, 3 young (6144K), 3 survivors (6144K)
}
Event: 21.012 {heap Before GC invocations=1 (full 0):
 garbage-first heap   total reserved 4194304K, committed 264192K, used 43503K [0x0000000700000000, 0x0000000800000000)
  region size 2048K, 19 young (38912K), 3 survivors (6144K)
}
Event: 21.056 {heap After GC invocations=2 (full 0):
 garbage-first heap   total reserved 4194304K, committed 264192K, used 17342K [0x0000000700000000, 0x0000000800000000)
  region size 2048K, 3 young (6144K), 3 survivors (6144K)
}
Event: 24.673 {heap Before GC invocations=2 (full 0):
 garbage-first heap   total reserved 4194304K, committed 264192K, used 43966K [0x0000000700000000, 0x0000000800000000)
  region size 2048K, 17 young (34816K), 3 survivors (6144K)
}
Event: 24.684 {heap After GC invocations=3 (full 0):
 garbage-first heap   total reserved 4194304K, committed 264192K, used 19534K [0x0000000700000000, 0x0000000800000000)
  region size 2048K, 1 young (2048K), 1 survivors (2048K)
}
Event: 26.631 {heap Before GC invocations=4 (full 0):
 garbage-first heap   total reserved 4194304K, committed 69632K, used 68686K [0x0000000700000000, 0x0000000800000000)
  region size 2048K, 25 young (51200K), 1 survivors (2048K)
}
Event: 26.636 {heap After GC invocations=5 (full 0):
 garbage-first heap   total reserved 4194304K, committed 73728K, used 20983K [0x0000000700000000, 0x0000000800000000)
  region size 2048K, 2 young (4096K), 2 survivors (4096K)
}
Event: 29.379 {heap Before GC invocations=5 (full 0):
 garbage-first heap   total reserved 4194304K, committed 73728K, used 51703K [0x0000000700000000, 0x0000000800000000)
  region size 2048K, 18 young (36864K), 2 survivors (4096K)
}
Event: 29.415 {heap After GC invocations=6 (full 0):
 garbage-first heap   total reserved 4194304K, committed 73728K, used 21953K [0x0000000700000000, 0x0000000800000000)
  region size 2048K, 2 young (4096K), 2 survivors (4096K)
}
Event: 29.468 {heap Before GC invocations=6 (full 0):
 garbage-first heap   total reserved 4194304K, committed 73728K, used 21953K [0x0000000700000000, 0x0000000800000000)
  region size 2048K, 3 young (6144K), 2 survivors (4096K)
}
Event: 29.474 {heap After GC invocations=7 (full 0):
 garbage-first heap   total reserved 4194304K, committed 73728K, used 21866K [0x0000000700000000, 0x0000000800000000)
  region size 2048K, 2 young (4096K), 2 survivors (4096K)
}
Event: 31.333 {heap Before GC invocations=8 (full 0):
 garbage-first heap   total reserved 4194304K, committed 73728K, used 56682K [0x0000000700000000, 0x0000000800000000)
  region size 2048K, 19 young (38912K), 2 survivors (4096K)
}
Event: 31.343 {heap After GC invocations=9 (full 0):
 garbage-first heap   total reserved 4194304K, committed 73728K, used 24200K [0x0000000700000000, 0x0000000800000000)
  region size 2048K, 3 young (6144K), 3 survivors (6144K)
}
Event: 32.440 {heap Before GC invocations=9 (full 0):
 garbage-first heap   total reserved 4194304K, committed 73728K, used 59016K [0x0000000700000000, 0x0000000800000000)
  region size 2048K, 20 young (40960K), 3 survivors (6144K)
}
Event: 32.446 {heap After GC invocations=10 (full 0):
 garbage-first heap   total reserved 4194304K, committed 73728K, used 24620K [0x0000000700000000, 0x0000000800000000)
  region size 2048K, 2 young (4096K), 2 survivors (4096K)
}
Event: 35.370 {heap Before GC invocations=10 (full 0):
 garbage-first heap   total reserved 4194304K, committed 73728K, used 59436K [0x0000000700000000, 0x0000000800000000)
  region size 2048K, 20 young (40960K), 2 survivors (4096K)
}
Event: 35.382 {heap After GC invocations=11 (full 0):
 garbage-first heap   total reserved 4194304K, committed 73728K, used 26917K [0x0000000700000000, 0x0000000800000000)
  region size 2048K, 3 young (6144K), 3 survivors (6144K)
}

